0 info it worked if it ends with ok
1 verbose cli [ '/usr/bin/node', '/usr/bin/npm', 'install', 'requirejs-goog' ]
2 info using npm@1.4.3
3 info using node@v0.10.26
4 verbose node symlink /usr/bin/node
5 verbose readDependencies using package.json deps
6 verbose cache add [ 'requirejs-goog', null ]
7 verbose cache add name=undefined spec="requirejs-goog" args=["requirejs-goog",null]
8 verbose parsed url { protocol: null,
8 verbose parsed url   slashes: null,
8 verbose parsed url   auth: null,
8 verbose parsed url   host: null,
8 verbose parsed url   port: null,
8 verbose parsed url   hostname: null,
8 verbose parsed url   hash: null,
8 verbose parsed url   search: null,
8 verbose parsed url   query: null,
8 verbose parsed url   pathname: 'requirejs-goog',
8 verbose parsed url   path: 'requirejs-goog',
8 verbose parsed url   href: 'requirejs-goog' }
9 silly lockFile 2098111b-requirejs-goog requirejs-goog
10 verbose lock requirejs-goog /home/gbort/.npm/2098111b-requirejs-goog.lock
11 silly lockFile 2098111b-requirejs-goog requirejs-goog
12 silly lockFile 2098111b-requirejs-goog requirejs-goog
13 verbose addNamed [ 'requirejs-goog', '' ]
14 verbose addNamed [ null, '*' ]
15 silly lockFile ddc8ffa3-requirejs-goog requirejs-goog@
16 verbose lock requirejs-goog@ /home/gbort/.npm/ddc8ffa3-requirejs-goog.lock
17 silly addNameRange { name: 'requirejs-goog', range: '*', hasData: false }
18 verbose url raw requirejs-goog
19 verbose url resolving [ 'https://registry.npmjs.org/', './requirejs-goog' ]
20 verbose url resolved https://registry.npmjs.org/requirejs-goog
21 info trying registry request attempt 1 at 02:57:13
22 http GET https://registry.npmjs.org/requirejs-goog
23 http 404 https://registry.npmjs.org/requirejs-goog
24 silly registry.get cb [ 404,
24 silly registry.get   { date: 'Sun, 13 Apr 2014 05:55:00 GMT',
24 silly registry.get     server: 'CouchDB/1.5.0 (Erlang OTP/R14B04)',
24 silly registry.get     'content-type': 'application/json',
24 silly registry.get     via: '1.1 varnish',
24 silly registry.get     'cache-control': 'max-age=0',
24 silly registry.get     'content-length': '52',
24 silly registry.get     'accept-ranges': 'bytes',
24 silly registry.get     age: '0',
24 silly registry.get     'x-served-by': 'cache-v41-ASH, cache-jfk1021-JFK',
24 silly registry.get     'x-cache': 'MISS, MISS',
24 silly registry.get     'x-cache-hits': '0, 0',
24 silly registry.get     'x-timer': 'S1397368500.459638357,VS0,VS4,VE101,VE104',
24 silly registry.get     'keep-alive': 'timeout=10, max=50',
24 silly registry.get     connection: 'Keep-Alive' } ]
25 silly lockFile ddc8ffa3-requirejs-goog requirejs-goog@
26 silly lockFile ddc8ffa3-requirejs-goog requirejs-goog@
27 error 404 'requirejs-goog' is not in the npm registry.
27 error 404 You should bug the author to publish it
27 error 404 It was specified as a dependency of 'mongorilla'
27 error 404
27 error 404 Note that you can also install from a
27 error 404 tarball, folder, or http url, or git url.
28 error System Linux 3.8.0-19-generic
29 error command "/usr/bin/node" "/usr/bin/npm" "install" "requirejs-goog"
30 error cwd /home/gbort/Projects/pdf-scores-cms
31 error node -v v0.10.26
32 error npm -v 1.4.3
33 error code E404
34 verbose exit [ 1, true ]
